<?xml version="1.0" encoding="utf-8"?>
<CoverageSession xmlns:xsd="http://www.w3.org/2001/XMLSchema" xmlns:xsi="http://www.w3.org/2001/XMLSchema-instance" Version="4.7.1221.0">
  <Summary numSequencePoints="0" visitedSequencePoints="0" numBranchPoints="0" visitedBranchPoints="0" sequenceCoverage="0" branchCoverage="0" maxCyclomaticComplexity="0" minCyclomaticComplexity="0" maxCrapScore="0" minCrapScore="0" visitedClasses="0" numClasses="0" visitedMethods="0" numMethods="0" />
  <Modules>
    <Module skippedDueTo="Filter" hash="74-94-4A-A0-DA-A5-D0-75-C7-3B-9B-C0-C8-15-30-D2-73-53-17-E8">
      <ModulePath>C:\WINDOWS\Microsoft.Net\assembly\GAC_32\mscorlib\v4.0_4.0.0.0__b77a5c561934e089\mscorlib.dll</ModulePath>
      <ModuleTime>2021-08-04T01:00:24Z</ModuleTime>
      <ModuleName>mscorlib</ModuleName>
      <Classes />
    </Module>
    <Module skippedDueTo="MissingPdb" hash="F1-B8-4D-88-55-BB-59-CE-4C-F1-47-53-64-21-13-87-D9-DF-4A-51">
      <ModulePath>C:\Program Files (x86)\Microsoft Visual Studio\2019\Community\Common7\IDE\MSTest.exe</ModulePath>
      <ModuleTime>2021-07-03T20:16:05.8275081Z</ModuleTime>
      <ModuleName>MSTest</ModuleName>
      <Classes />
    </Module>
    <Module skippedDueTo="MissingPdb" hash="B4-46-1E-C3-37-5A-E8-8B-00-44-F2-63-E1-F7-6B-56-03-2E-A3-AC">
      <ModulePath>C:\Program Files (x86)\Microsoft Visual Studio\2019\Community\Common7\IDE\PublicAssemblies\Microsoft.VisualStudio.QualityTools.Common.dll</ModulePath>
      <ModuleTime>2021-08-28T14:19:42.3469077Z</ModuleTime>
      <ModuleName>Microsoft.VisualStudio.QualityTools.Common</ModuleName>
      <Classes />
    </Module>
    <Module skippedDueTo="Filter" hash="F6-6A-78-0B-7A-C2-5D-35-8E-C7-1F-87-98-14-45-7C-F1-AC-A4-89">
      <ModulePath>C:\WINDOWS\Microsoft.Net\assembly\GAC_MSIL\System\v4.0_4.0.0.0__b77a5c561934e089\System.dll</ModulePath>
      <ModuleTime>2021-04-08T04:26:00.6371167Z</ModuleTime>
      <ModuleName>System</ModuleName>
      <Classes />
    </Module>
    <Module skippedDueTo="MissingPdb" hash="2F-68-2C-9E-88-A2-04-CF-BC-75-0E-4A-04-C8-6A-91-F1-AF-6E-BB">
      <ModulePath>C:\Program Files (x86)\Microsoft Visual Studio\2019\Community\Common7\IDE\PublicAssemblies\Microsoft.VisualStudio.QualityTools.ExecutionCommon.dll</ModulePath>
      <ModuleTime>2021-08-28T14:19:42.3568777Z</ModuleTime>
      <ModuleName>Microsoft.VisualStudio.QualityTools.ExecutionCommon</ModuleName>
      <Classes />
    </Module>
    <Module skippedDueTo="MissingPdb" hash="45-8A-28-EF-25-53-2E-F7-33-B9-D4-55-4F-D3-09-33-D0-B5-05-A7">
      <ModulePath>C:\Program Files (x86)\Microsoft Visual Studio\2019\Community\Common7\IDE\PrivateAssemblies\Microsoft.VisualStudio.QualityTools.Resource.dll</ModulePath>
      <ModuleTime>2021-08-28T14:19:42.3159851Z</ModuleTime>
      <ModuleName>Microsoft.VisualStudio.QualityTools.Resource</ModuleName>
      <Classes />
    </Module>
    <Module skippedDueTo="Filter" hash="C8-2E-64-82-9F-3E-E5-68-28-EC-A3-5B-05-18-0A-CC-70-C1-0D-04">
      <ModulePath>C:\WINDOWS\Microsoft.Net\assembly\GAC_MSIL\System.Configuration\v4.0_4.0.0.0__b03f5f7f11d50a3a\System.Configuration.dll</ModulePath>
      <ModuleTime>2020-06-05T05:04:05.335002Z</ModuleTime>
      <ModuleName>System.Configuration</ModuleName>
      <Classes />
    </Module>
    <Module skippedDueTo="Filter" hash="DA-72-DA-8C-56-D2-30-3A-A5-9C-B3-A9-A9-6F-D8-2F-60-43-B5-A9">
      <ModulePath>C:\WINDOWS\Microsoft.Net\assembly\GAC_MSIL\System.Xml\v4.0_4.0.0.0__b77a5c561934e089\System.Xml.dll</ModulePath>
      <ModuleTime>2019-12-07T09:10:37.7737543Z</ModuleTime>
      <ModuleName>System.Xml</ModuleName>
      <Classes />
    </Module>
    <Module skippedDueTo="MissingPdb" hash="E6-9B-7F-A0-53-93-B6-1A-EE-79-EF-1F-01-66-E3-D0-47-B7-F7-BC">
      <ModulePath>C:\Program Files (x86)\Microsoft Visual Studio\2019\Community\Common7\IDE\PrivateAssemblies\Microsoft.VisualStudio.QualityTools.CommandLine.dll</ModulePath>
      <ModuleTime>2021-07-03T20:16:05.8324939Z</ModuleTime>
      <ModuleName>Microsoft.VisualStudio.QualityTools.CommandLine</ModuleName>
      <Classes />
    </Module>
    <Module skippedDueTo="MissingPdb" hash="81-5D-21-10-AD-7E-57-B9-89-B0-7B-6F-8F-8D-7B-F6-40-0F-6E-68">
      <ModulePath>C:\Program Files (x86)\Microsoft Visual Studio\2019\Community\Common7\IDE\PrivateAssemblies\Microsoft.VisualStudio.QualityTools.TMI.dll</ModulePath>
      <ModuleTime>2021-08-28T14:19:42.3249861Z</ModuleTime>
      <ModuleName>Microsoft.VisualStudio.QualityTools.TMI</ModuleName>
      <Classes />
    </Module>
    <Module skippedDueTo="Filter" hash="63-BC-E4-91-46-A6-77-6F-A9-40-64-F4-18-33-EB-2B-42-26-B5-DD">
      <ModulePath>C:\WINDOWS\Microsoft.Net\assembly\GAC_MSIL\System.Core\v4.0_4.0.0.0__b77a5c561934e089\System.Core.dll</ModulePath>
      <ModuleTime>2021-05-12T23:08:09.0907369Z</ModuleTime>
      <ModuleName>System.Core</ModuleName>
      <Classes />
    </Module>
  </Modules>
</CoverageSession>